2021-06-11 14:51:49,513 :INFO : test_formSubmission :first name is :Rahul
2021-06-11 14:51:49,700 :INFO : test_formSubmission :email is :Shetty@yopmail.com
2021-06-11 14:51:49,836 :INFO : test_formSubmission :Password is :Test@123
2021-06-11 14:51:50,019 :INFO : test_formSubmission :Gender is :Male
2021-06-11 14:51:53,266 :INFO : test_formSubmission :Succes Recieved from Application: ×
Success! The Form has been submitted successfully!.
2021-06-11 14:51:53,480 :INFO : test_formSubmission :first name is :Akash
2021-06-11 14:51:53,480 :INFO : test_formSubmission :first name is :Akash
2021-06-11 14:51:53,555 :INFO : test_formSubmission :email is :Akash@yopmail.com
2021-06-11 14:51:53,555 :INFO : test_formSubmission :email is :Akash@yopmail.com
2021-06-11 14:51:53,638 :INFO : test_formSubmission :Password is :Test@123
2021-06-11 14:51:53,638 :INFO : test_formSubmission :Password is :Test@123
2021-06-11 14:51:53,762 :INFO : test_formSubmission :Gender is :Female
2021-06-11 14:51:53,762 :INFO : test_formSubmission :Gender is :Female
2021-06-11 14:51:57,024 :INFO : test_formSubmission :Succes Recieved from Application: ×
Success! The Form has been submitted successfully!.
2021-06-11 14:51:57,024 :INFO : test_formSubmission :Succes Recieved from Application: ×
Success! The Form has been submitted successfully!.
2021-06-11 15:03:55,658 :INFO : test_formSubmission :first name is :Rahul
2021-06-11 15:03:55,810 :INFO : test_formSubmission :email is :Shetty@yopmail.com
2021-06-11 15:03:55,966 :INFO : test_formSubmission :Password is :Test@123
2021-06-11 15:03:56,171 :INFO : test_formSubmission :Gender is :Male
2021-06-11 15:03:59,481 :INFO : test_formSubmission :Succes Recieved from Application: ×
Success! The Form has been submitted successfully!.
2021-06-11 15:03:59,666 :INFO : test_formSubmission :first name is :Akash
2021-06-11 15:03:59,666 :INFO : test_formSubmission :first name is :Akash
2021-06-11 15:03:59,734 :INFO : test_formSubmission :email is :Akash@yopmail.com
2021-06-11 15:03:59,734 :INFO : test_formSubmission :email is :Akash@yopmail.com
2021-06-11 15:03:59,817 :INFO : test_formSubmission :Password is :Test@123
2021-06-11 15:03:59,817 :INFO : test_formSubmission :Password is :Test@123
2021-06-11 15:03:59,950 :INFO : test_formSubmission :Gender is :Female
2021-06-11 15:03:59,950 :INFO : test_formSubmission :Gender is :Female
2021-06-11 15:04:03,172 :INFO : test_formSubmission :Succes Recieved from Application: ×
Success! The Form has been submitted successfully!.
2021-06-11 15:04:03,172 :INFO : test_formSubmission :Succes Recieved from Application: ×
Success! The Form has been submitted successfully!.
2021-06-11 15:04:06,589 :INFO : test_e2e :getting the all cards Titles
2021-06-11 15:04:06,613 :INFO : test_e2e :iphone X
2021-06-11 15:04:06,623 :INFO : test_e2e :Samsung Note 8
2021-06-11 15:04:06,637 :INFO : test_e2e :Nokia Edge
2021-06-11 15:04:06,651 :INFO : test_e2e :Blackberry
2021-06-11 15:04:08,856 :INFO : test_e2e :Entering country name as Ind
2021-06-11 15:04:17,171 :INFO : test_e2e :Text recieved from application :×
Success! Thank you! Your order will be delivered in next few weeks :-).
2021-06-11 15:04:49,321 :INFO : test_formSubmission :first name is :Rahul
2021-06-11 15:04:49,360 :INFO : test_formSubmission :email is :Shetty@yopmail.com
2021-06-11 15:04:49,395 :INFO : test_formSubmission :Password is :Test@123
2021-06-11 15:04:49,633 :INFO : test_formSubmission :Gender is :Male
2021-06-11 15:04:52,984 :INFO : test_formSubmission :Succes Recieved from Application: ×
Success! The Form has been submitted successfully!.
2021-06-11 15:04:53,638 :INFO : test_formSubmission :first name is :Akash
2021-06-11 15:04:53,638 :INFO : test_formSubmission :first name is :Akash
2021-06-11 15:04:53,665 :INFO : test_formSubmission :email is :Akash@yopmail.com
2021-06-11 15:04:53,665 :INFO : test_formSubmission :email is :Akash@yopmail.com
2021-06-11 15:04:53,697 :INFO : test_formSubmission :Password is :Test@123
2021-06-11 15:04:53,697 :INFO : test_formSubmission :Password is :Test@123
2021-06-11 15:04:53,939 :INFO : test_formSubmission :Gender is :Female
2021-06-11 15:04:53,939 :INFO : test_formSubmission :Gender is :Female
2021-06-11 15:04:57,485 :INFO : test_formSubmission :Succes Recieved from Application: ×
Success! The Form has been submitted successfully!.
2021-06-11 15:04:57,485 :INFO : test_formSubmission :Succes Recieved from Application: ×
Success! The Form has been submitted successfully!.
2021-06-11 15:05:06,005 :INFO : test_e2e :getting the all cards Titles
2021-06-11 15:05:06,023 :INFO : test_e2e :iphone X
2021-06-11 15:05:06,029 :INFO : test_e2e :Samsung Note 8
2021-06-11 15:05:06,037 :INFO : test_e2e :Nokia Edge
2021-06-11 15:05:06,044 :INFO : test_e2e :Blackberry
2021-06-11 15:05:08,819 :INFO : test_e2e :Entering country name as Ind
2021-06-11 15:05:17,422 :INFO : test_e2e :Text recieved from application :×
Success! Thank you! Your order will be delivered in next few weeks :-).
2021-06-11 15:17:19,866 :INFO : test_formSubmission :first name is :Rahul
2021-06-11 15:17:19,983 :INFO : test_formSubmission :email is :Shetty@yopmail.com
2021-06-11 15:17:20,111 :INFO : test_formSubmission :Password is :Test@123
2021-06-11 15:17:20,282 :INFO : test_formSubmission :Gender is :Male
2021-06-11 15:17:23,558 :INFO : test_formSubmission :Succes Recieved from Application: ×
Success! The Form has been submitted successfully!.
2021-06-11 15:17:23,788 :INFO : test_formSubmission :first name is :Akash
2021-06-11 15:17:23,788 :INFO : test_formSubmission :first name is :Akash
2021-06-11 15:17:23,870 :INFO : test_formSubmission :email is :Akash@yopmail.com
2021-06-11 15:17:23,870 :INFO : test_formSubmission :email is :Akash@yopmail.com
2021-06-11 15:17:23,956 :INFO : test_formSubmission :Password is :Test@123
2021-06-11 15:17:23,956 :INFO : test_formSubmission :Password is :Test@123
2021-06-11 15:17:24,092 :INFO : test_formSubmission :Gender is :Female
2021-06-11 15:17:24,092 :INFO : test_formSubmission :Gender is :Female
2021-06-11 15:17:27,415 :INFO : test_formSubmission :Succes Recieved from Application: ×
Success! The Form has been submitted successfully!.
2021-06-11 15:17:27,415 :INFO : test_formSubmission :Succes Recieved from Application: ×
Success! The Form has been submitted successfully!.
2021-06-11 15:17:34,469 :INFO : test_e2e :getting the all cards Titles
2021-06-11 15:17:34,498 :INFO : test_e2e :iphone X
2021-06-11 15:17:34,512 :INFO : test_e2e :Samsung Note 8
2021-06-11 15:17:34,528 :INFO : test_e2e :Nokia Edge
2021-06-11 15:17:34,543 :INFO : test_e2e :Blackberry
2021-06-11 15:17:36,775 :INFO : test_e2e :Entering country name as Ind
2021-06-11 15:17:45,141 :INFO : test_e2e :Text recieved from application :×
Success! Thank you! Your order will be delivered in next few weeks :-).
2021-06-11 15:30:51,417 :INFO : test_formSubmission :first name is :Rahul
2021-06-11 15:30:51,638 :INFO : test_formSubmission :email is :Shetty@yopmail.com
2021-06-11 15:30:52,054 :INFO : test_formSubmission :Password is :Test@123
2021-06-11 15:30:52,484 :INFO : test_formSubmission :Gender is :Male
2021-06-11 15:30:55,870 :INFO : test_formSubmission :Succes Recieved from Application: ×
Success! The Form has been submitted successfully!.
2021-06-11 15:30:56,177 :INFO : test_formSubmission :first name is :Akash
2021-06-11 15:30:56,177 :INFO : test_formSubmission :first name is :Akash
2021-06-11 15:30:56,281 :INFO : test_formSubmission :email is :Akash@yopmail.com
2021-06-11 15:30:56,281 :INFO : test_formSubmission :email is :Akash@yopmail.com
2021-06-11 15:30:56,417 :INFO : test_formSubmission :Password is :Test@123
2021-06-11 15:30:56,417 :INFO : test_formSubmission :Password is :Test@123
2021-06-11 15:30:56,618 :INFO : test_formSubmission :Gender is :Female
2021-06-11 15:30:56,618 :INFO : test_formSubmission :Gender is :Female
2021-06-11 15:30:59,947 :INFO : test_formSubmission :Succes Recieved from Application: ×
Success! The Form has been submitted successfully!.
2021-06-11 15:30:59,947 :INFO : test_formSubmission :Succes Recieved from Application: ×
Success! The Form has been submitted successfully!.
2021-06-11 15:31:04,278 :INFO : test_e2e :getting the all cards Titles
2021-06-11 15:31:04,315 :INFO : test_e2e :iphone X
2021-06-11 15:31:04,338 :INFO : test_e2e :Samsung Note 8
2021-06-11 15:31:04,357 :INFO : test_e2e :Nokia Edge
2021-06-11 15:31:04,376 :INFO : test_e2e :Blackberry
2021-06-11 15:31:06,707 :INFO : test_e2e :Entering country name as Ind
2021-06-11 15:31:15,050 :INFO : test_e2e :Text recieved from application :×
Success! Thank you! Your order will be delivered in next few weeks :-).
2021-06-14 16:52:50,965 :INFO : test_e2e :getting the all cards Titles
2021-06-14 16:52:51,027 :INFO : test_e2e :iphone X
2021-06-14 16:52:51,046 :INFO : test_e2e :Samsung Note 8
2021-06-14 16:52:51,072 :INFO : test_e2e :Nokia Edge
2021-06-14 16:52:51,094 :INFO : test_e2e :Blackberry
2021-06-14 16:52:53,522 :INFO : test_e2e :Entering country name as Ind
2021-06-14 16:53:02,337 :INFO : test_e2e :Text recieved from application :×
Success! Thank you! Your order will be delivered in next few weeks :-).
2021-06-14 18:56:39,450 :INFO : test_formSubmission :first name is :Rahul
2021-06-14 18:57:48,565 :INFO : test_formSubmission :first name is :Rahul
2021-06-14 18:59:08,014 :INFO : test_formSubmission :first name is :Rahul
2021-06-14 19:04:57,766 :INFO : test_formSubmission :first name is :Akash
2021-06-14 19:09:28,958 :INFO : test_formSubmission :first name is :Akash
2021-06-15 10:48:09,301 :INFO : test_formSubmission :first name is :Akash
2021-06-15 10:48:48,075 :INFO : test_formSubmission :first name is :Akash
2021-06-15 10:48:48,190 :INFO : test_formSubmission :email is :ftc@yopmail.com
2021-06-15 10:48:48,288 :INFO : test_formSubmission :Password is :Test@123
2021-06-15 10:48:48,434 :INFO : test_formSubmission :Gender is :Male
2021-06-15 10:48:51,664 :INFO : test_formSubmission :Succes Recieved from Application: ×
Success! The Form has been submitted successfully!.
